<?xml version="1.0" encoding="UTF-8"?>
<testng-results skipped="0" failed="1" total="11" passed="10">
  <reporter-output>
  </reporter-output>
  <suite name="Surefire suite" duration-ms="134038" started-at="2022-10-12T04:55:09Z" finished-at="2022-10-12T04:57:23Z">
    <groups>
    </groups>
    <test name="Surefire test" duration-ms="134038" started-at="2022-10-12T04:55:09Z" finished-at="2022-10-12T04:57:23Z">
      <class name="harsha.test12">
        <test-method status="PASS" signature="beforetest()[pri:0, instance:harsha.test12@5afa04c]" name="beforetest" is-config="true" duration-ms="32022" started-at="2022-10-12T10:25:09Z" finished-at="2022-10-12T10:25:41Z">
          <reporter-output>
          </reporter-output>
        </test-method> <!-- beforetest -->
        <test-method status="PASS" signature="Testcase1()[pri:0, instance:harsha.test12@5afa04c]" name="Testcase1" duration-ms="12683" started-at="2022-10-12T10:25:42Z" finished-at="2022-10-12T10:25:54Z">
          <reporter-output>
          </reporter-output>
        </test-method> <!-- Testcase1 -->
        <test-method status="PASS" signature="Testcase2()[pri:1, instance:harsha.test12@5afa04c]" name="Testcase2" duration-ms="11913" started-at="2022-10-12T10:25:54Z" finished-at="2022-10-12T10:26:06Z">
          <reporter-output>
          </reporter-output>
        </test-method> <!-- Testcase2 -->
        <test-method status="PASS" signature="Testcase3()[pri:2, instance:harsha.test12@5afa04c]" name="Testcase3" duration-ms="12154" started-at="2022-10-12T10:26:06Z" finished-at="2022-10-12T10:26:19Z">
          <reporter-output>
          </reporter-output>
        </test-method> <!-- Testcase3 -->
        <test-method status="PASS" signature="Testcase4()[pri:3, instance:harsha.test12@5afa04c]" name="Testcase4" duration-ms="22255" started-at="2022-10-12T10:26:19Z" finished-at="2022-10-12T10:26:41Z">
          <reporter-output>
          </reporter-output>
        </test-method> <!-- Testcase4 -->
        <test-method status="PASS" signature="Testcase5()[pri:4, instance:harsha.test12@5afa04c]" name="Testcase5" duration-ms="3134" started-at="2022-10-12T10:26:41Z" finished-at="2022-10-12T10:26:44Z">
          <reporter-output>
          </reporter-output>
        </test-method> <!-- Testcase5 -->
        <test-method status="PASS" signature="Testcase6()[pri:5, instance:harsha.test12@5afa04c]" name="Testcase6" duration-ms="2172" started-at="2022-10-12T10:26:44Z" finished-at="2022-10-12T10:26:46Z">
          <reporter-output>
          </reporter-output>
        </test-method> <!-- Testcase6 -->
        <test-method status="PASS" signature="Testcase7()[pri:6, instance:harsha.test12@5afa04c]" name="Testcase7" duration-ms="3889" started-at="2022-10-12T10:26:46Z" finished-at="2022-10-12T10:26:50Z">
          <reporter-output>
          </reporter-output>
        </test-method> <!-- Testcase7 -->
        <test-method status="FAIL" signature="Testcase11()[pri:7, instance:harsha.test12@5afa04c]" name="Testcase11" duration-ms="624" started-at="2022-10-12T10:26:50Z" finished-at="2022-10-12T10:26:51Z">
          <exception class="org.openqa.selenium.NoSuchElementException">
            <message>
              <![CDATA[no such element: Unable to locate element: {"method":"link text","selector":"Nationalities"}
  (Session info: chrome=106.0.5249.91)
For documentation on this error, please visit: https://www.seleniumhq.org/exceptions/no_such_element.html
Build info: version: '3.141.59', revision: 'e82be7d358', time: '2018-11-14T08:17:03'
System info: host: 'HARSHI', ip: '192.168.1.6', os.name: 'Windows 10', os.arch: 'amd64', os.version: '10.0', java.version: '1.8.0_111'
Driver info: org.openqa.selenium.chrome.ChromeDriver
Capabilities {acceptInsecureCerts: false, browserName: chrome, browserVersion: 106.0.5249.91, chrome: {chromedriverVersion: 106.0.5249.61 (511755355844..., userDataDir: C:\Users\Ragha\AppData\Loca...}, goog:chromeOptions: {debuggerAddress: localhost:50151}, javascriptEnabled: true, networkConnectionEnabled: false, pageLoadStrategy: normal, platform: WINDOWS, platformName: WINDOWS, proxy: Proxy(), setWindowRect: true, strictFileInteractability: false, timeouts: {implicit: 0, pageLoad: 300000, script: 30000}, unhandledPromptBehavior: dismiss and notify, webauthn:extension:credBlob: true, webauthn:extension:largeBlob: true, webauthn:virtualAuthenticators: true}
Session ID: b5b631a86d2a762c95bcea727b70f5a8
*** Element info: {Using=link text, value=Nationalities}]]>
            </message>
            <full-stacktrace>
              <![CDATA[org.openqa.selenium.NoSuchElementException: no such element: Unable to locate element: {"method":"link text","selector":"Nationalities"}
  (Session info: chrome=106.0.5249.91)
For documentation on this error, please visit: https://www.seleniumhq.org/exceptions/no_such_element.html
Build info: version: '3.141.59', revision: 'e82be7d358', time: '2018-11-14T08:17:03'
System info: host: 'HARSHI', ip: '192.168.1.6', os.name: 'Windows 10', os.arch: 'amd64', os.version: '10.0', java.version: '1.8.0_111'
Driver info: org.openqa.selenium.chrome.ChromeDriver
Capabilities {acceptInsecureCerts: false, browserName: chrome, browserVersion: 106.0.5249.91, chrome: {chromedriverVersion: 106.0.5249.61 (511755355844..., userDataDir: C:\Users\Ragha\AppData\Loca...}, goog:chromeOptions: {debuggerAddress: localhost:50151}, javascriptEnabled: true, networkConnectionEnabled: false, pageLoadStrategy: normal, platform: WINDOWS, platformName: WINDOWS, proxy: Proxy(), setWindowRect: true, strictFileInteractability: false, timeouts: {implicit: 0, pageLoad: 300000, script: 30000}, unhandledPromptBehavior: dismiss and notify, webauthn:extension:credBlob: true, webauthn:extension:largeBlob: true, webauthn:virtualAuthenticators: true}
Session ID: b5b631a86d2a762c95bcea727b70f5a8
*** Element info: {Using=link text, value=Nationalities}
	at sun.reflect.NativeConstructorAccessorImpl.newInstance0(Native Method)
	at sun.reflect.NativeConstructorAccessorImpl.newInstance(Unknown Source)
	at sun.reflect.DelegatingConstructorAccessorImpl.newInstance(Unknown Source)
	at java.lang.reflect.Constructor.newInstance(Unknown Source)
	at org.openqa.selenium.remote.http.W3CHttpResponseCodec.createException(W3CHttpResponseCodec.java:187)
	at org.openqa.selenium.remote.http.W3CHttpResponseCodec.decode(W3CHttpResponseCodec.java:122)
	at org.openqa.selenium.remote.http.W3CHttpResponseCodec.decode(W3CHttpResponseCodec.java:49)
	at org.openqa.selenium.remote.HttpCommandExecutor.execute(HttpCommandExecutor.java:158)
	at org.openqa.selenium.remote.service.DriverCommandExecutor.execute(DriverCommandExecutor.java:83)
	at org.openqa.selenium.remote.RemoteWebDriver.execute(RemoteWebDriver.java:552)
	at org.openqa.selenium.remote.RemoteWebDriver.findElement(RemoteWebDriver.java:323)
	at org.openqa.selenium.remote.RemoteWebDriver.findElementByLinkText(RemoteWebDriver.java:380)
	at org.openqa.selenium.By$ByLinkText.findElement(By.java:220)
	at org.openqa.selenium.remote.RemoteWebDriver.findElement(RemoteWebDriver.java:315)
	at harsha.test12.Testcase11(test12.java:96)
	at sun.reflect.NativeMethodAccessorImpl.invoke0(Native Method)
	at sun.reflect.NativeMethodAccessorImpl.invoke(Unknown Source)
	at sun.reflect.DelegatingMethodAccessorImpl.invoke(Unknown Source)
	at java.lang.reflect.Method.invoke(Unknown Source)
	at org.testng.internal.MethodInvocationHelper.invokeMethod(MethodInvocationHelper.java:86)
	at org.testng.internal.Invoker.invokeMethod(Invoker.java:643)
	at org.testng.internal.Invoker.invokeTestMethod(Invoker.java:820)
	at org.testng.internal.Invoker.invokeTestMethods(Invoker.java:1128)
	at org.testng.internal.TestMethodWorker.invokeTestMethods(TestMethodWorker.java:129)
	at org.testng.internal.TestMethodWorker.run(TestMethodWorker.java:112)
	at org.testng.TestRunner.privateRun(TestRunner.java:782)
	at org.testng.TestRunner.run(TestRunner.java:632)
	at org.testng.SuiteRunner.runTest(SuiteRunner.java:366)
	at org.testng.SuiteRunner.runSequentially(SuiteRunner.java:361)
	at org.testng.SuiteRunner.privateRun(SuiteRunner.java:319)
	at org.testng.SuiteRunner.run(SuiteRunner.java:268)
	at org.testng.SuiteRunnerWorker.runSuite(SuiteRunnerWorker.java:52)
	at org.testng.SuiteRunnerWorker.run(SuiteRunnerWorker.java:86)
	at org.testng.TestNG.runSuitesSequentially(TestNG.java:1244)
	at org.testng.TestNG.runSuitesLocally(TestNG.java:1169)
	at org.testng.TestNG.run(TestNG.java:1064)
	at org.apache.maven.surefire.testng.TestNGExecutor.run(TestNGExecutor.java:136)
	at org.apache.maven.surefire.testng.TestNGDirectoryTestSuite.executeSingleClass(TestNGDirectoryTestSuite.java:112)
	at org.apache.maven.surefire.testng.TestNGDirectoryTestSuite.execute(TestNGDirectoryTestSuite.java:99)
	at org.apache.maven.surefire.testng.TestNGProvider.invoke(TestNGProvider.java:145)
	at org.apache.maven.surefire.booter.ForkedBooter.runSuitesInProcess(ForkedBooter.java:428)
	at org.apache.maven.surefire.booter.ForkedBooter.execute(ForkedBooter.java:162)
	at org.apache.maven.surefire.booter.ForkedBooter.run(ForkedBooter.java:562)
	at org.apache.maven.surefire.booter.ForkedBooter.main(ForkedBooter.java:548)
]]>
            </full-stacktrace>
          </exception> <!-- org.openqa.selenium.NoSuchElementException -->
          <reporter-output>
          </reporter-output>
        </test-method> <!-- Testcase11 -->
        <test-method status="PASS" signature="Testcase8()[pri:8, instance:harsha.test12@5afa04c]" name="Testcase8" duration-ms="13397" started-at="2022-10-12T10:26:51Z" finished-at="2022-10-12T10:27:04Z">
          <reporter-output>
          </reporter-output>
        </test-method> <!-- Testcase8 -->
        <test-method status="PASS" signature="Testcase9()[pri:9, instance:harsha.test12@5afa04c]" name="Testcase9" duration-ms="6664" started-at="2022-10-12T10:27:04Z" finished-at="2022-10-12T10:27:11Z">
          <reporter-output>
          </reporter-output>
        </test-method> <!-- Testcase9 -->
        <test-method status="PASS" signature="Testcase10()[pri:10, instance:harsha.test12@5afa04c]" name="Testcase10" duration-ms="7779" started-at="2022-10-12T10:27:11Z" finished-at="2022-10-12T10:27:19Z">
          <reporter-output>
          </reporter-output>
        </test-method> <!-- Testcase10 -->
        <test-method status="PASS" signature="AT()[pri:0, instance:harsha.test12@5afa04c]" name="AT" is-config="true" duration-ms="4866" started-at="2022-10-12T10:27:19Z" finished-at="2022-10-12T10:27:23Z">
          <reporter-output>
          </reporter-output>
        </test-method> <!-- AT -->
      </class> <!-- harsha.test12 -->
    </test> <!-- Surefire test -->
  </suite> <!-- Surefire suite -->
</testng-results>
